#
# A fatal error has been detected by the Java Runtime Environment:
#
#  EXCEPTION_ACCESS_VIOLATION (0xc0000005) at pc=0x0000000056639ce8, pid=12428, tid=0x0000000000005de4
#
# JRE version: Java(TM) SE Runtime Environment (8.0_131-b11) (build 1.8.0_131-b11)
# Java VM: Java HotSpot(TM) 64-Bit Server VM (25.131-b11 mixed mode windows-amd64 compressed oops)
# Problematic frame:
# V  [jvm.dll+0x159ce8]
#
# Failed to write core dump. Minidumps are not enabled by default on client versions of Windows
#
# If you would like to submit a bug report, please visit:
#   http://bugreport.java.com/bugreport/crash.jsp
#

---------------  T H R E A D  ---------------

Current thread (0x0000000002dd5000):  JavaThread "main" [_thread_in_vm, id=24036, stack(0x0000000002aa0000,0x0000000002ba0000)]

siginfo: ExceptionCode=0xc0000005, reading address 0x0000000000000000

Registers:
RAX=0x0000000000000000, RBX=0x0000000002dd5000, RCX=0x0000000000000500, RDX=0x0000000000000000
RSP=0x0000000002b9cea0, RBP=0x00007ffa7de81e50, RSI=0x0000000000000000, RDI=0x0000000002ed83fd
R8 =0x0000000000000000, R9 =0x000000000094aae0, R10=0x0000000002ef0fe0, R11=0x000000005670bd80
R12=0x000000000094aae0, R13=0x0000000000000000, R14=0x0000000002b9d088, R15=0x0000000000000000
RIP=0x0000000056639ce8, EFLAGS=0x0000000000010246

Top of Stack: (sp=0x0000000002b9cea0)
0x0000000002b9cea0:   0000000000000000 0000000000000000
0x0000000002b9ceb0:   0000000002b9cf00 0000000000000000
0x0000000002b9cec0:   0000000000000000 00007ffae3bf5bf0
0x0000000002b9ced0:   0000000002dd5000 0000000002dd5000
0x0000000002b9cee0:   0000000024100730 0000000000000000
0x0000000002b9cef0:   0000000000000000 0000000002c5cbc0
0x0000000002b9cf00:   00000000248a5af0 0000000002ed83fd
0x0000000002b9cf10:   0000000002dd51f8 00007ffae3bf5c42
0x0000000002b9cf20:   0000000002b9d478 00000000240f18b0
0x0000000002b9cf30:   00000000000003d8 0000000002dd5ba0
0x0000000002b9cf40:   0000000024100738 0000000002dd5000
0x0000000002b9cf50:   0000000024100738 000073edb59808da
0x0000000002b9cf60:   0000000002dd5000 0000000002b9d088
0x0000000002b9cf70:   0000000024100730 0000000000000000
0x0000000002b9cf80:   0000000002ed83fd 00000000240f18b0
0x0000000002b9cf90:   0000000002b9d038 0000000002ef100c 

Instructions: (pc=0x0000000056639ce8)
0x0000000056639cc8:   85 c0 75 0a 8b 43 30 a9 00 00 00 30 74 08 48 8b
0x0000000056639cd8:   cb e8 e2 90 0e 00 c7 83 70 02 00 00 06 00 00 00
0x0000000056639ce8:   4c 8b 06 48 63 15 aa 96 69 00 44 0f b6 0d b6 36
0x0000000056639cf8:   6b 00 8b 0d 98 6a 64 00 4c 8b 15 89 6a 64 00 49 


Register to memory mapping:

RAX=0x0000000000000000 is an unknown value
RBX=0x0000000002dd5000 is a thread
RCX=0x0000000000000500 is an unknown value
RDX=0x0000000000000000 is an unknown value
RSP=0x0000000002b9cea0 is pointing into the stack for thread: 0x0000000002dd5000
RBP=0x00007ffa7de81e50 is an unknown value
RSI=0x0000000000000000 is an unknown value
RDI=0x0000000002ed83fd is at code_begin+2301 in an Interpreter codelet
invoke return entry points  [0x0000000002ed7b00, 0x0000000002ed84e0]  2528 bytes
R8 =0x0000000000000000 is an unknown value
R9 =0x000000000094aae0 is an unknown value
R10=0x0000000002ef0fe0 is at code_begin+1632 in an Interpreter codelet
method entry point (kind = native)  [0x0000000002ef0980, 0x0000000002ef19a0]  4128 bytes
R11=0x000000005670bd80 is an unknown value
R12=0x000000000094aae0 is an unknown value
R13=0x0000000000000000 is an unknown value
R14=0x0000000002b9d088 is pointing into the stack for thread: 0x0000000002dd5000
R15=0x0000000000000000 is an unknown value


Stack: [0x0000000002aa0000,0x0000000002ba0000],  sp=0x0000000002b9cea0,  free space=1011k
Native frames: (J=compiled Java code, j=interpreted, Vv=VM code, C=native code)
V  [jvm.dll+0x159ce8]
C  [onnxruntime4j_jni.dll+0x5c42]
C  0x0000000002ef100c

Java frames: (J=compiled Java code, j=interpreted, Vv=VM code)
j  ai.onnxruntime.OrtSession.createSession(JJLjava/lang/String;J)J+0
j  ai.onnxruntime.OrtSession.<init>(Lai/onnxruntime/OrtEnvironment;Ljava/lang/String;Lai/onnxruntime/OrtAllocator;Lai/onnxruntime/OrtSession$SessionOptions;)V+14
j  ai.onnxruntime.OrtEnvironment.createSession(Ljava/lang/String;Lai/onnxruntime/OrtAllocator;Lai/onnxruntime/OrtSession$SessionOptions;)Lai/onnxruntime/OrtSession;+8
j  ai.onnxruntime.OrtEnvironment.createSession(Ljava/lang/String;Lai/onnxruntime/OrtSession$SessionOptions;)Lai/onnxruntime/OrtSession;+7
j  com.haut.yolo.models.tumbleYolo.<init>()V+34
v  ~StubRoutines::call_stub
J 1498  sun.reflect.NativeConstructorAccessorImpl.newInstance0(Ljava/lang/reflect/Constructor;[Ljava/lang/Object;)Ljava/lang/Object; (0 bytes) @ 0x00000000033c5966 [0x00000000033c5900+0x66]
J 1497 C1 sun.reflect.NativeConstructorAccessorImpl.newInstance([Ljava/lang/Object;)Ljava/lang/Object; (89 bytes) @ 0x00000000033c7324 [0x00000000033c6f60+0x3c4]
J 1487 C1 sun.reflect.DelegatingConstructorAccessorImpl.newInstance([Ljava/lang/Object;)Ljava/lang/Object; (9 bytes) @ 0x00000000033c313c [0x00000000033c30e0+0x5c]
J 1477 C1 java.lang.reflect.Constructor.newInstance([Ljava/lang/Object;)Ljava/lang/Object; (87 bytes) @ 0x00000000033bfb44 [0x00000000033bfa00+0x144]
J 2321 C1 org.springframework.beans.BeanUtils.instantiateClass(Ljava/lang/reflect/Constructor;[Ljava/lang/Object;)Ljava/lang/Object; (187 bytes) @ 0x0000000003534bcc [0x00000000035348c0+0x30c]
j  org.springframework.beans.factory.support.SimpleInstantiationStrategy.instantiate(Lorg/springframework/beans/factory/support/RootBeanDefinition;Ljava/lang/String;Lorg/springframework/beans/factory/BeanFactory;)Ljava/lang/Object;+140
j  org.springframework.beans.factory.support.AbstractAutowireCapableBeanFactory.instantiateBean(Ljava/lang/String;Lorg/springframework/beans/factory/support/RootBeanDefinition;)Lorg/springframework/beans/BeanWrapper;+32
j  org.springframework.beans.factory.support.AbstractAutowireCapableBeanFactory.createBeanInstance(Ljava/lang/String;Lorg/springframework/beans/factory/support/RootBeanDefinition;[Ljava/lang/Object;)Lorg/springframework/beans/BeanWrapper;+250
j  org.springframework.beans.factory.support.AbstractAutowireCapableBeanFactory.doCreateBean(Ljava/lang/String;Lorg/springframework/beans/factory/support/RootBeanDefinition;[Ljava/lang/Object;)Ljava/lang/Object;+34
j  org.springframework.beans.factory.support.AbstractAutowireCapableBeanFactory.createBean(Ljava/lang/String;Lorg/springframework/beans/factory/support/RootBeanDefinition;[Ljava/lang/Object;)Ljava/lang/Object;+169
j  org.springframework.beans.factory.support.AbstractBeanFactory.lambda$doGetBean$0(Ljava/lang/String;Lorg/springframework/beans/factory/support/RootBeanDefinition;[Ljava/lang/Object;)Ljava/lang/Object;+4
j  org.springframework.beans.factory.support.AbstractBeanFactory$$Lambda$209.getObject()Ljava/lang/Object;+16
j  org.springframework.beans.factory.support.DefaultSingletonBeanRegistry.getSingleton(Ljava/lang/String;Lorg/springframework/beans/factory/ObjectFactory;)Ljava/lang/Object;+132
J 2291 C1 org.springframework.beans.factory.support.AbstractBeanFactory.doGetBean(Ljava/lang/String;Ljava/lang/Class;[Ljava/lang/Object;Z)Ljava/lang/Object; (832 bytes) @ 0x0000000003523ad4 [0x00000000035234e0+0x5f4]
j  org.springframework.beans.factory.support.AbstractBeanFactory.getBean(Ljava/lang/String;)Ljava/lang/Object;+5
j  org.springframework.beans.factory.config.DependencyDescriptor.resolveCandidate(Ljava/lang/String;Ljava/lang/Class;Lorg/springframework/beans/factory/BeanFactory;)Ljava/lang/Object;+2
j  org.springframework.beans.factory.support.DefaultListableBeanFactory.doResolveDependency(Lorg/springframework/beans/factory/config/DependencyDescriptor;Ljava/lang/String;Ljava/util/Set;Lorg/springframework/beans/TypeConverter;)Ljava/lang/Object;+440
j  org.springframework.beans.factory.support.DefaultListableBeanFactory.resolveDependency(Lorg/springframework/beans/factory/config/DependencyDescriptor;Ljava/lang/String;Ljava/util/Set;Lorg/springframework/beans/TypeConverter;)Ljava/lang/Object;+108
j  org.springframework.beans.factory.annotation.AutowiredAnnotationBeanPostProcessor$AutowiredFieldElement.resolveFieldValue(Ljava/lang/reflect/Field;Ljava/lang/Object;Ljava/lang/String;)Ljava/lang/Object;+81
j  org.springframework.beans.factory.annotation.AutowiredAnnotationBeanPostProcessor$AutowiredFieldElement.inject(Ljava/lang/Object;Ljava/lang/String;Lorg/springframework/beans/PropertyValues;)V+74
j  org.springframework.beans.factory.annotation.InjectionMetadata.inject(Ljava/lang/Object;Ljava/lang/String;Lorg/springframework/beans/PropertyValues;)V+68
j  org.springframework.beans.factory.annotation.AutowiredAnnotationBeanPostProcessor.postProcessProperties(Lorg/springframework/beans/PropertyValues;Ljava/lang/Object;Ljava/lang/String;)Lorg/springframework/beans/PropertyValues;+17
j  org.springframework.beans.factory.support.AbstractAutowireCapableBeanFactory.populateBean(Ljava/lang/String;Lorg/springframework/beans/factory/support/RootBeanDefinition;Lorg/springframework/beans/BeanWrapper;)V+265
j  org.springframework.beans.factory.support.AbstractAutowireCapableBeanFactory.doCreateBean(Ljava/lang/String;Lorg/springframework/beans/factory/support/RootBeanDefinition;[Ljava/lang/Object;)Ljava/lang/Object;+237
j  org.springframework.beans.factory.support.AbstractAutowireCapableBeanFactory.createBean(Ljava/lang/String;Lorg/springframework/beans/factory/support/RootBeanDefinition;[Ljava/lang/Object;)Ljava/lang/Object;+169
j  org.springframework.beans.factory.support.AbstractBeanFactory.lambda$doGetBean$0(Ljava/lang/String;Lorg/springframework/beans/factory/support/RootBeanDefinition;[Ljava/lang/Object;)Ljava/lang/Object;+4
j  org.springframework.beans.factory.support.AbstractBeanFactory$$Lambda$209.getObject()Ljava/lang/Object;+16
j  org.springframework.beans.factory.support.DefaultSingletonBeanRegistry.getSingleton(Ljava/lang/String;Lorg/springframework/beans/factory/ObjectFactory;)Ljava/lang/Object;+132
J 2291 C1 org.springframework.beans.factory.support.AbstractBeanFactory.doGetBean(Ljava/lang/String;Ljava/lang/Class;[Ljava/lang/Object;Z)Ljava/lang/Object; (832 bytes) @ 0x0000000003523ad4 [0x00000000035234e0+0x5f4]
j  org.springframework.beans.factory.support.AbstractBeanFactory.getBean(Ljava/lang/String;)Ljava/lang/Object;+5
j  org.springframework.beans.factory.support.DefaultListableBeanFactory.preInstantiateSingletons()V+248
j  org.springframework.context.support.AbstractApplicationContext.finishBeanFactoryInitialization(Lorg/springframework/beans/factory/config/ConfigurableListableBeanFactory;)V+124
j  org.springframework.context.support.AbstractApplicationContext.refresh()V+86
j  org.springframework.boot.web.servlet.context.ServletWebServerApplicationContext.refresh()V+1
j  org.springframework.boot.SpringApplication.refresh(Lorg/springframework/context/ConfigurableApplicationContext;)V+1
j  org.springframework.boot.SpringApplication.refreshContext(Lorg/springframework/context/ConfigurableApplicationContext;)V+16
j  org.springframework.boot.SpringApplication.run([Ljava/lang/String;)Lorg/springframework/context/ConfigurableApplicationContext;+107
j  org.springframework.boot.SpringApplication.run([Ljava/lang/Class;[Ljava/lang/String;)Lorg/springframework/context/ConfigurableApplicationContext;+9
j  org.springframework.boot.SpringApplication.run(Ljava/lang/Class;[Ljava/lang/String;)Lorg/springframework/context/ConfigurableApplicationContext;+9
j  com.haut.AdminApplication.main([Ljava/lang/String;)V+3
v  ~StubRoutines::call_stub

---------------  P R O C E S S  ---------------

Java Threads: ( => current thread )
  0x0000000022b50800 JavaThread "container-0" [_thread_blocked, id=19784, stack(0x00000000243d0000,0x00000000244d0000)]
  0x0000000022b61800 JavaThread "Catalina-utility-2" [_thread_blocked, id=1460, stack(0x00000000242d0000,0x00000000243d0000)]
  0x0000000022b09800 JavaThread "Catalina-utility-1" [_thread_blocked, id=28500, stack(0x0000000023fd0000,0x00000000240d0000)]
  0x00000000229e2800 JavaThread "RMI Scheduler(0)" daemon [_thread_blocked, id=19788, stack(0x0000000023cd0000,0x0000000023dd0000)]
  0x00000000229cc800 JavaThread "RMI TCP Connection(1)-172.32.173.224" daemon [_thread_in_native, id=25980, stack(0x0000000022400000,0x0000000022500000)]
  0x0000000021544000 JavaThread "RMI TCP Accept-0" daemon [_thread_in_native, id=4428, stack(0x0000000021b50000,0x0000000021c50000)]
  0x00000000212cc800 JavaThread "Service Thread" daemon [_thread_blocked, id=29528, stack(0x0000000021a50000,0x0000000021b50000)]
  0x000000001e9b0000 JavaThread "C1 CompilerThread11" daemon [_thread_blocked, id=17352, stack(0x0000000021150000,0x0000000021250000)]
  0x000000001e9b1800 JavaThread "C1 CompilerThread10" daemon [_thread_blocked, id=18616, stack(0x0000000021050000,0x0000000021150000)]
  0x000000001e9b0800 JavaThread "C1 CompilerThread9" daemon [_thread_blocked, id=10936, stack(0x0000000020e50000,0x0000000020f50000)]
  0x000000001e9ac000 JavaThread "C1 CompilerThread8" daemon [_thread_blocked, id=10628, stack(0x0000000020d50000,0x0000000020e50000)]
  0x000000001e9ae800 JavaThread "C2 CompilerThread7" daemon [_thread_blocked, id=25592, stack(0x0000000020c50000,0x0000000020d50000)]
  0x000000001e9aa800 JavaThread "C2 CompilerThread6" daemon [_thread_blocked, id=11476, stack(0x0000000020b50000,0x0000000020c50000)]
  0x000000001e9a2000 JavaThread "C2 CompilerThread5" daemon [_thread_blocked, id=25268, stack(0x0000000020a50000,0x0000000020b50000)]
  0x000000001e9a1000 JavaThread "C2 CompilerThread4" daemon [_thread_blocked, id=25196, stack(0x0000000020950000,0x0000000020a50000)]
  0x000000001e99d800 JavaThread "C2 CompilerThread3" daemon [_thread_blocked, id=28188, stack(0x0000000020850000,0x0000000020950000)]
  0x000000001e99a800 JavaThread "C2 CompilerThread2" daemon [_thread_blocked, id=13612, stack(0x0000000020750000,0x0000000020850000)]
  0x000000001e99a000 JavaThread "C2 CompilerThread1" daemon [_thread_blocked, id=4644, stack(0x0000000020650000,0x0000000020750000)]
  0x000000001e999000 JavaThread "C2 CompilerThread0" daemon [_thread_blocked, id=12932, stack(0x0000000020550000,0x0000000020650000)]
  0x000000001e76b800 JavaThread "JDWP Command Reader" daemon [_thread_in_native, id=14084, stack(0x0000000020450000,0x0000000020550000)]
  0x000000001e767000 JavaThread "JDWP Event Helper Thread" daemon [_thread_blocked, id=27504, stack(0x0000000020350000,0x0000000020450000)]
  0x000000001e75d800 JavaThread "JDWP Transport Listener: dt_socket" daemon [_thread_blocked, id=28828, stack(0x0000000020250000,0x0000000020350000)]
  0x000000001e6fe000 JavaThread "Attach Listener" daemon [_thread_blocked, id=9036, stack(0x0000000020150000,0x0000000020250000)]
  0x000000001e6e6800 JavaThread "Signal Dispatcher" daemon [_thread_blocked, id=27484, stack(0x0000000020050000,0x0000000020150000)]
  0x000000001cc79000 JavaThread "Finalizer" daemon [_thread_blocked, id=22264, stack(0x000000001ff50000,0x0000000020050000)]
  0x000000001cc72800 JavaThread "Reference Handler" daemon [_thread_blocked, id=10396, stack(0x000000001fe50000,0x000000001ff50000)]
=>0x0000000002dd5000 JavaThread "main" [_thread_in_vm, id=24036, stack(0x0000000002aa0000,0x0000000002ba0000)]

Other Threads:
  0x000000001cc6a000 VMThread [stack: 0x000000001fd50000,0x000000001fe50000] [id=12456]
  0x0000000021553000 WatcherThread [stack: 0x0000000021c50000,0x0000000021d50000] [id=28552]

VM state:not at safepoint (normal execution)

VM Mutex/Monitor currently owned by a thread: None

Heap:
 PSYoungGen      total 110080K, used 16069K [0x000000076c100000, 0x0000000775180000, 0x00000007c0000000)
  eden space 101888K, 8% used [0x000000076c100000,0x000000076c912dc0,0x0000000772480000)
  from space 8192K, 95% used [0x0000000774980000,0x000000077511e6b0,0x0000000775180000)
  to   space 10752K, 0% used [0x0000000773c80000,0x0000000773c80000,0x0000000774700000)
 ParOldGen       total 97792K, used 6671K [0x00000006c4200000, 0x00000006ca180000, 0x000000076c100000)
  object space 97792K, 6% used [0x00000006c4200000,0x00000006c4883d40,0x00000006ca180000)
 Metaspace       used 26961K, capacity 28682K, committed 29056K, reserved 1075200K
  class space    used 3553K, capacity 3897K, committed 3968K, reserved 1048576K

Card table byte_map: [0x0000000012290000,0x0000000012a70000] byte_map_base: 0x000000000ec6f000

Marking Bits: (ParMarkBitMap*) 0x0000000056cfc720
 Begin Bits: [0x0000000013cb0000, 0x0000000017ba8000)
 End Bits:   [0x0000000017ba8000, 0x000000001baa0000)

Polling page: 0x00000000005f0000

CodeCache: size=245760Kb used=7510Kb max_used=7510Kb free=238249Kb
 bounds [0x0000000002ed0000, 0x0000000003630000, 0x0000000011ed0000]
 total_blobs=3174 nmethods=2752 adapters=339
 compilation: enabled

Compilation events (10 events):
Event: 2.790 Thread 0x000000001e9ac000 nmethod 2744 0x0000000003622890 code [0x00000000036229e0, 0x0000000003622b30]
Event: 2.790 Thread 0x000000001e9b0800 nmethod 2749 0x0000000003622c10 code [0x0000000003622d80, 0x0000000003622f08]
Event: 2.790 Thread 0x000000001e9b0000 nmethod 2747 0x0000000003622f90 code [0x0000000003623100, 0x00000000036232f8]
Event: 2.791 Thread 0x000000001e9b1800 nmethod 2745 0x0000000003623410 code [0x0000000003623640, 0x0000000003623da8]
Event: 2.791 Thread 0x000000001e9ac000 2750       1       java.io.OutputStream::flush (1 bytes)
Event: 2.791 Thread 0x000000001e9ac000 nmethod 2750 0x0000000003624550 code [0x00000000036246a0, 0x00000000036247b0]
Event: 2.791 Thread 0x000000001e9ac000 2751       1       sun.rmi.server.MarshalOutputStream::replaceObject (33 bytes)
Event: 2.791 Thread 0x000000001e9b0800 2752       1       java.io.ObjectOutputStream$BlockDataOutputStream::writeInt (46 bytes)
Event: 2.791 Thread 0x000000001e9b0800 nmethod 2752 0x0000000003624810 code [0x0000000003624980, 0x0000000003624b38]
Event: 2.792 Thread 0x000000001e9ac000 nmethod 2751 0x0000000003624c10 code [0x0000000003624dc0, 0x00000000036253e8]

GC Heap History (10 events):
Event: 0.753 GC heap before
{Heap before GC invocations=1 (full 0):
 PSYoungGen      total 75264K, used 64512K [0x000000076c100000, 0x0000000771500000, 0x00000007c0000000)
  eden space 64512K, 100% used [0x000000076c100000,0x0000000770000000,0x0000000770000000)
  from space 10752K, 0% used [0x0000000770a80000,0x0000000770a80000,0x0000000771500000)
  to   space 10752K, 0% used [0x0000000770000000,0x0000000770000000,0x0000000770a80000)
 ParOldGen       total 172032K, used 0K [0x00000006c4200000, 0x00000006cea00000, 0x000000076c100000)
  object space 172032K, 0% used [0x00000006c4200000,0x00000006c4200000,0x00000006cea00000)
 Metaspace       used 13783K, capacity 14434K, committed 14592K, reserved 1062912K
  class space    used 1798K, capacity 1967K, committed 2048K, reserved 1048576K
Event: 0.758 GC heap after
Heap after GC invocations=1 (full 0):
 PSYoungGen      total 75264K, used 7516K [0x000000076c100000, 0x0000000771500000, 0x00000007c0000000)
  eden space 64512K, 0% used [0x000000076c100000,0x000000076c100000,0x0000000770000000)
  from space 10752K, 69% used [0x0000000770000000,0x0000000770757168,0x0000000770a80000)
  to   space 10752K, 0% used [0x0000000770a80000,0x0000000770a80000,0x0000000771500000)
 ParOldGen       total 172032K, used 16K [0x00000006c4200000, 0x00000006cea00000, 0x000000076c100000)
  object space 172032K, 0% used [0x00000006c4200000,0x00000006c4204000,0x00000006cea00000)
 Metaspace       used 13783K, capacity 14434K, committed 14592K, reserved 1062912K
  class space    used 1798K, capacity 1967K, committed 2048K, reserved 1048576K
}
Event: 0.968 GC heap before
{Heap before GC invocations=2 (full 0):
 PSYoungGen      total 75264K, used 72028K [0x000000076c100000, 0x0000000771500000, 0x00000007c0000000)
  eden space 64512K, 100% used [0x000000076c100000,0x0000000770000000,0x0000000770000000)
  from space 10752K, 69% used [0x0000000770000000,0x0000000770757168,0x0000000770a80000)
  to   space 10752K, 0% used [0x0000000770a80000,0x0000000770a80000,0x0000000771500000)
 ParOldGen       total 172032K, used 16K [0x00000006c4200000, 0x00000006cea00000, 0x000000076c100000)
  object space 172032K, 0% used [0x00000006c4200000,0x00000006c4204000,0x00000006cea00000)
 Metaspace       used 19324K, capacity 20276K, committed 20480K, reserved 1067008K
  class space    used 2524K, capacity 2738K, committed 2816K, reserved 1048576K
Event: 0.973 GC heap after
Heap after GC invocations=2 (full 0):
 PSYoungGen      total 75264K, used 10729K [0x000000076c100000, 0x0000000775400000, 0x00000007c0000000)
  eden space 64512K, 0% used [0x000000076c100000,0x000000076c100000,0x0000000770000000)
  from space 10752K, 99% used [0x0000000770a80000,0x00000007714fa4b0,0x0000000771500000)
  to   space 10752K, 0% used [0x0000000770000000,0x0000000770000000,0x0000000770a80000)
 ParOldGen       total 172032K, used 703K [0x00000006c4200000, 0x00000006cea00000, 0x000000076c100000)
  object space 172032K, 0% used [0x00000006c4200000,0x00000006c42afcc0,0x00000006cea00000)
 Metaspace       used 19324K, capacity 20276K, committed 20480K, reserved 1067008K
  class space    used 2524K, capacity 2738K, committed 2816K, reserved 1048576K
}
Event: 1.041 GC heap before
{Heap before GC invocations=3 (full 0):
 PSYoungGen      total 75264K, used 26612K [0x000000076c100000, 0x0000000775400000, 0x00000007c0000000)
  eden space 64512K, 24% used [0x000000076c100000,0x000000076d082c80,0x0000000770000000)
  from space 10752K, 99% used [0x0000000770a80000,0x00000007714fa4b0,0x0000000771500000)
  to   space 10752K, 0% used [0x0000000770000000,0x0000000770000000,0x0000000770a80000)
 ParOldGen       total 172032K, used 703K [0x00000006c4200000, 0x00000006cea00000, 0x000000076c100000)
  object space 172032K, 0% used [0x00000006c4200000,0x00000006c42afcc0,0x00000006cea00000)
 Metaspace       used 20255K, capacity 21182K, committed 21296K, reserved 1067008K
  class space    used 2655K, capacity 2857K, committed 2944K, reserved 1048576K
Event: 1.044 GC heap after
Heap after GC invocations=3 (full 0):
 PSYoungGen      total 75264K, used 6995K [0x000000076c100000, 0x0000000775400000, 0x00000007c0000000)
  eden space 64512K, 0% used [0x000000076c100000,0x000000076c100000,0x0000000770000000)
  from space 10752K, 65% used [0x0000000770000000,0x00000007706d4d60,0x0000000770a80000)
  to   space 10752K, 0% used [0x0000000774980000,0x0000000774980000,0x0000000775400000)
 ParOldGen       total 172032K, used 711K [0x00000006c4200000, 0x00000006cea00000, 0x000000076c100000)
  object space 172032K, 0% used [0x00000006c4200000,0x00000006c42b1cc0,0x00000006cea00000)
 Metaspace       used 20255K, capacity 21182K, committed 21296K, reserved 1067008K
  class space    used 2655K, capacity 2857K, committed 2944K, reserved 1048576K
}
Event: 1.044 GC heap before
{Heap before GC invocations=4 (full 1):
 PSYoungGen      total 75264K, used 6995K [0x000000076c100000, 0x0000000775400000, 0x00000007c0000000)
  eden space 64512K, 0% used [0x000000076c100000,0x000000076c100000,0x0000000770000000)
  from space 10752K, 65% used [0x0000000770000000,0x00000007706d4d60,0x0000000770a80000)
  to   space 10752K, 0% used [0x0000000774980000,0x0000000774980000,0x0000000775400000)
 ParOldGen       total 172032K, used 711K [0x00000006c4200000, 0x00000006cea00000, 0x000000076c100000)
  object space 172032K, 0% used [0x00000006c4200000,0x00000006c42b1cc0,0x00000006cea00000)
 Metaspace       used 20255K, capacity 21182K, committed 21296K, reserved 1067008K
  class space    used 2655K, capacity 2857K, committed 2944K, reserved 1048576K
Event: 1.061 GC heap after
Heap after GC invocations=4 (full 1):
 PSYoungGen      total 75264K, used 0K [0x000000076c100000, 0x0000000775400000, 0x00000007c0000000)
  eden space 64512K, 0% used [0x000000076c100000,0x000000076c100000,0x0000000770000000)
  from space 10752K, 0% used [0x0000000770000000,0x0000000770000000,0x0000000770a80000)
  to   space 10752K, 0% used [0x0000000774980000,0x0000000774980000,0x0000000775400000)
 ParOldGen       total 97792K, used 6663K [0x00000006c4200000, 0x00000006ca180000, 0x000000076c100000)
  object space 97792K, 6% used [0x00000006c4200000,0x00000006c4881d40,0x00000006ca180000)
 Metaspace       used 20255K, capacity 21182K, committed 21296K, reserved 1067008K
  class space    used 2655K, capacity 2857K, committed 2944K, reserved 1048576K
}
Event: 1.371 GC heap before
{Heap before GC invocations=5 (full 1):
 PSYoungGen      total 75264K, used 64512K [0x000000076c100000, 0x0000000775400000, 0x00000007c0000000)
  eden space 64512K, 100% used [0x000000076c100000,0x0000000770000000,0x0000000770000000)
  from space 10752K, 0% used [0x0000000770000000,0x0000000770000000,0x0000000770a80000)
  to   space 10752K, 0% used [0x0000000774980000,0x0000000774980000,0x0000000775400000)
 ParOldGen       total 97792K, used 6663K [0x00000006c4200000, 0x00000006ca180000, 0x000000076c100000)
  object space 97792K, 6% used [0x00000006c4200000,0x00000006c4881d40,0x00000006ca180000)
 Metaspace       used 26445K, capacity 28176K, committed 28288K, reserved 1073152K
  class space    used 3495K, capacity 3858K, committed 3968K, reserved 1048576K
Event: 1.375 GC heap after
Heap after GC invocations=5 (full 1):
 PSYoungGen      total 110080K, used 7801K [0x000000076c100000, 0x0000000775180000, 0x00000007c0000000)
  eden space 101888K, 0% used [0x000000076c100000,0x000000076c100000,0x0000000772480000)
  from space 8192K, 95% used [0x0000000774980000,0x000000077511e6b0,0x0000000775180000)
  to   space 10752K, 0% used [0x0000000773c80000,0x0000000773c80000,0x0000000774700000)
 ParOldGen       total 97792K, used 6671K [0x00000006c4200000, 0x00000006ca180000, 0x000000076c100000)
  object space 97792K, 6% used [0x00000006c4200000,0x00000006c4883d40,0x00000006ca180000)
 Metaspace       used 26445K, capacity 28176K, committed 28288K, reserved 1073152K
  class space    used 3495K, capacity 3858K, committed 3968K, reserved 1048576K
}

Deoptimization events (0 events):
No events

Internal exceptions (10 events):
Event: 1.233 Thread 0x00000000229cc800 Exception <a 'java/lang/ClassNotFoundException': javax/management/remote/rmi/RMIConnectionImpl_Skel> (0x000000076e486f00) thrown at [C:\re\workspace\8-2-build-windows-amd64-cygwin\jdk8u131\8869\hotspot\src\share\vm\classfile\systemDictionary.cpp, line 210
Event: 1.238 Thread 0x00000000229cc800 Exception <a 'java/lang/reflect/InvocationTargetException'> (0x000000076e61b4d8) thrown at [C:\re\workspace\8-2-build-windows-amd64-cygwin\jdk8u131\8869\hotspot\src\share\vm\runtime\reflection.cpp, line 1092]
Event: 1.239 Thread 0x00000000229cc800 Exception <a 'java/lang/NoSuchMethodError': <clinit>> (0x000000076e644058) thrown at [C:\re\workspace\8-2-build-windows-amd64-cygwin\jdk8u131\8869\hotspot\src\share\vm\prims\jni.cpp, line 1613]
Event: 1.351 Thread 0x0000000002dd5000 Exception <a 'java/io/FileNotFoundException'> (0x000000076fcb1e70) thrown at [C:\re\workspace\8-2-build-windows-amd64-cygwin\jdk8u131\8869\hotspot\src\share\vm\prims\jni.cpp, line 709]
Event: 1.352 Thread 0x0000000002dd5000 Exception <a 'java/io/FileNotFoundException'> (0x000000076fcc9248) thrown at [C:\re\workspace\8-2-build-windows-amd64-cygwin\jdk8u131\8869\hotspot\src\share\vm\prims\jni.cpp, line 709]
Event: 1.385 Thread 0x0000000002dd5000 Exception <a 'java/lang/NoSuchMethodError': java.lang.Object.lambda$comparingLong$6043328a$1(Ljava/util/function/ToLongFunction;Ljava/lang/Object;Ljava/lang/Object;)I> (0x000000076c2d70a0) thrown at [C:\re\workspace\8-2-build-windows-amd64-cygwin\jdk8u131
Event: 1.387 Thread 0x0000000002dd5000 Exception <a 'java/io/FileNotFoundException'> (0x000000076c32e630) thrown at [C:\re\workspace\8-2-build-windows-amd64-cygwin\jdk8u131\8869\hotspot\src\share\vm\prims\jni.cpp, line 709]
Event: 1.755 Thread 0x00000000229cc800 Exception <a 'java/lang/reflect/InvocationTargetException'> (0x000000076c7e5cf8) thrown at [C:\re\workspace\8-2-build-windows-amd64-cygwin\jdk8u131\8869\hotspot\src\share\vm\runtime\reflection.cpp, line 1092]
Event: 2.274 Thread 0x00000000229cc800 Exception <a 'java/lang/reflect/InvocationTargetException'> (0x000000076c7f4570) thrown at [C:\re\workspace\8-2-build-windows-amd64-cygwin\jdk8u131\8869\hotspot\src\share\vm\runtime\reflection.cpp, line 1092]
Event: 2.791 Thread 0x00000000229cc800 Exception <a 'java/lang/reflect/InvocationTargetException'> (0x000000076c8021f8) thrown at [C:\re\workspace\8-2-build-windows-amd64-cygwin\jdk8u131\8869\hotspot\src\share\vm\runtime\reflection.cpp, line 1092]

Events (10 events):
Event: 2.789 Thread 0x0000000022a01000 Thread added: 0x0000000022a01000
Event: 2.875 Thread 0x0000000022a01000 Thread exited: 0x0000000022a01000
Event: 3.078 loading class ai/onnxruntime/OrtSession
Event: 3.078 loading class ai/onnxruntime/OrtSession done
Event: 3.078 Thread 0x0000000002dd5000 DEOPT PACKING pc=0x0000000003291691 sp=0x0000000002b9bdc0
Event: 3.078 Thread 0x0000000002dd5000 DEOPT UNPACKING pc=0x0000000002f1787f sp=0x0000000002b9bb10 mode 1
Event: 3.078 Thread 0x0000000002dd5000 DEOPT PACKING pc=0x000000000325c184 sp=0x0000000002b9be40
Event: 3.078 Thread 0x0000000002dd5000 DEOPT UNPACKING pc=0x0000000002f1787f sp=0x0000000002b9bc60 mode 1
Event: 3.078 Thread 0x0000000002dd5000 DEOPT PACKING pc=0x000000000325c0cc sp=0x0000000002b9bfd0
Event: 3.078 Thread 0x0000000002dd5000 DEOPT UNPACKING pc=0x0000000002f1787f sp=0x0000000002b9bdf0 mode 1


Dynamic libraries:
0x00007ff734fe0000 - 0x00007ff735017000 	D:\zyb\java\jdk8\bin\java.exe
0x00007ffafe1f0000 - 0x00007ffafe3e8000 	C:\WINDOWS\SYSTEM32\ntdll.dll
0x00007ffafd340000 - 0x00007ffafd3fd000 	C:\WINDOWS\System32\KERNEL32.DLL
0x00007ffafbaa0000 - 0x00007ffafbd96000 	C:\WINDOWS\System32\KERNELBASE.dll
0x00007ffafc7f0000 - 0x00007ffafc89f000 	C:\WINDOWS\System32\ADVAPI32.dll
0x00007ffafcd30000 - 0x00007ffafcdce000 	C:\WINDOWS\System32\msvcrt.dll
0x00007ffafdb50000 - 0x00007ffafdbec000 	C:\WINDOWS\System32\sechost.dll
0x00007ffafe060000 - 0x00007ffafe186000 	C:\WINDOWS\System32\RPCRT4.dll
0x00007ffafcee0000 - 0x00007ffafd07e000 	C:\WINDOWS\System32\USER32.dll
0x00007ffafbfc0000 - 0x00007ffafbfe2000 	C:\WINDOWS\System32\win32u.dll
0x00007ffafcc20000 - 0x00007ffafcc4c000 	C:\WINDOWS\System32\GDI32.dll
0x00007ffafbff0000 - 0x00007ffafc10a000 	C:\WINDOWS\System32\gdi32full.dll
0x00007ffafbf20000 - 0x00007ffafbfbd000 	C:\WINDOWS\System32\msvcp_win.dll
0x00007ffafbe20000 - 0x00007ffafbf20000 	C:\WINDOWS\System32\ucrtbase.dll
0x00007ffade5c0000 - 0x00007ffade85a000 	C:\WINDOWS\WinSxS\amd64_microsoft.windows.common-controls_6595b64144ccf1df_6.0.19041.3636_none_60b6a03d71f818d5\COMCTL32.dll
0x00007ffafcdd0000 - 0x00007ffafce00000 	C:\WINDOWS\System32\IMM32.DLL
0x0000000056d80000 - 0x0000000056e52000 	D:\zyb\java\jdk8\jre\bin\msvcr100.dll
0x00000000564e0000 - 0x0000000056d7c000 	D:\zyb\java\jdk8\jre\bin\server\jvm.dll
0x00007ffafcba0000 - 0x00007ffafcba8000 	C:\WINDOWS\System32\PSAPI.DLL
0x00007ffacba80000 - 0x00007ffacba89000 	C:\WINDOWS\SYSTEM32\WSOCK32.dll
0x00007ffaedf40000 - 0x00007ffaedf67000 	C:\WINDOWS\SYSTEM32\WINMM.dll
0x00007ffafcbb0000 - 0x00007ffafcc1b000 	C:\WINDOWS\System32\WS2_32.dll
0x00007ffaedfb0000 - 0x00007ffaedfba000 	C:\WINDOWS\SYSTEM32\VERSION.dll
0x00000000564d0000 - 0x00000000564df000 	D:\zyb\java\jdk8\jre\bin\verify.dll
0x00000000564a0000 - 0x00000000564c9000 	D:\zyb\java\jdk8\jre\bin\java.dll
0x0000000056400000 - 0x0000000056435000 	D:\zyb\java\jdk8\jre\bin\jdwp.dll
0x0000000056320000 - 0x0000000056328000 	D:\zyb\java\jdk8\jre\bin\npt.dll
0x00000000562f0000 - 0x0000000056313000 	D:\zyb\java\jdk8\jre\bin\instrument.dll
0x0000000056480000 - 0x0000000056496000 	D:\zyb\java\jdk8\jre\bin\zip.dll
0x00007ffafd400000 - 0x00007ffafdb44000 	C:\WINDOWS\System32\SHELL32.dll
0x00007ffaf9970000 - 0x00007ffafa10b000 	C:\WINDOWS\SYSTEM32\windows.storage.dll
0x00007ffafc250000 - 0x00007ffafc5a4000 	C:\WINDOWS\System32\combase.dll
0x00007ffafb310000 - 0x00007ffafb33d000 	C:\WINDOWS\SYSTEM32\Wldp.dll
0x00007ffafc740000 - 0x00007ffafc7ed000 	C:\WINDOWS\System32\SHCORE.dll
0x00007ffafcb30000 - 0x00007ffafcb85000 	C:\WINDOWS\System32\shlwapi.dll
0x00007ffafb800000 - 0x00007ffafb825000 	C:\WINDOWS\SYSTEM32\profapi.dll
0x00000000562e0000 - 0x00000000562e9000 	D:\zyb\java\jdk8\jre\bin\dt_socket.dll
0x00007ffafb070000 - 0x00007ffafb0da000 	C:\WINDOWS\system32\mswsock.dll
0x0000000056460000 - 0x000000005647a000 	D:\zyb\java\jdk8\jre\bin\net.dll
0x00007ffafad50000 - 0x00007ffafae1a000 	C:\WINDOWS\SYSTEM32\DNSAPI.dll
0x00007ffafad10000 - 0x00007ffafad4b000 	C:\WINDOWS\SYSTEM32\IPHLPAPI.DLL
0x00007ffafca00000 - 0x00007ffafca08000 	C:\WINDOWS\System32\NSI.dll
0x00007ffaf0320000 - 0x00007ffaf032a000 	C:\Windows\System32\rasadhlp.dll
0x00007ffaeee40000 - 0x00007ffaeeec0000 	C:\WINDOWS\System32\fwpuclnt.dll
0x00007ffafbda0000 - 0x00007ffafbdc7000 	C:\WINDOWS\System32\bcrypt.dll
0x00000000562d0000 - 0x00000000562dd000 	D:\zyb\java\jdk8\jre\bin\management.dll
0x0000000056440000 - 0x0000000056451000 	D:\zyb\java\jdk8\jre\bin\nio.dll
0x00007ffafb260000 - 0x00007ffafb278000 	C:\WINDOWS\SYSTEM32\CRYPTSP.dll
0x00007ffafa930000 - 0x00007ffafa964000 	C:\WINDOWS\system32\rsaenh.dll
0x00007ffafb780000 - 0x00007ffafb7ae000 	C:\WINDOWS\SYSTEM32\USERENV.dll
0x00007ffafc1c0000 - 0x00007ffafc242000 	C:\WINDOWS\System32\bcryptprimitives.dll
0x00007ffafb280000 - 0x00007ffafb28c000 	C:\WINDOWS\SYSTEM32\CRYPTBASE.dll
0x00007ffaefdf0000 - 0x00007ffaefe07000 	C:\WINDOWS\SYSTEM32\dhcpcsvc6.DLL
0x00007ffaf0a40000 - 0x00007ffaf0a5d000 	C:\WINDOWS\SYSTEM32\dhcpcsvc.DLL
0x00007ffad6650000 - 0x00007ffad6667000 	C:\WINDOWS\system32\napinsp.dll
0x00007ffad6630000 - 0x00007ffad664b000 	C:\WINDOWS\system32\pnrpnsp.dll
0x00007ffaf28c0000 - 0x00007ffaf28d5000 	C:\WINDOWS\system32\wshbth.dll
0x00007ffaf3350000 - 0x00007ffaf336d000 	C:\WINDOWS\system32\NLAapi.dll
0x00007ffad6610000 - 0x00007ffad6622000 	C:\WINDOWS\System32\winrnr.dll
0x00000000562a0000 - 0x00000000562c4000 	D:\zyb\java\jdk8\jre\bin\sunec.dll
0x0000000056290000 - 0x000000005629b000 	D:\zyb\java\jdk8\jre\bin\sunmscapi.dll
0x00007ffafb8d0000 - 0x00007ffafba2d000 	C:\WINDOWS\System32\CRYPT32.dll
0x00007ffa7d810000 - 0x00007ffa7e096000 	C:\Users\16119\AppData\Local\Temp\onnxruntime-java1720214518648871626\onnxruntime.dll
0x00007ffab0820000 - 0x00007ffab082c000 	C:\WINDOWS\SYSTEM32\VCRUNTIME140_1.dll
0x00007ffa87fe0000 - 0x00007ffa8806e000 	C:\WINDOWS\SYSTEM32\MSVCP140.dll
0x00007ffab0880000 - 0x00007ffab089b000 	C:\WINDOWS\SYSTEM32\VCRUNTIME140.dll
0x00007ffae3bf0000 - 0x00007ffae3c02000 	C:\Users\16119\AppData\Local\Temp\onnxruntime-java1720214518648871626\onnxruntime4j_jni.dll
0x00007ffaf3630000 - 0x00007ffaf3637000 	C:\Users\16119\AppData\Local\Temp\onnxruntime-java1720214518648871626\onnxruntime_providers_shared.dll
0x00007ffa3c250000 - 0x00007ffa4c8a6000 	C:\Users\16119\AppData\Local\Temp\onnxruntime-java1720214518648871626\onnxruntime_providers_cuda.dll
0x00007ffacef10000 - 0x00007ffacef81000 	C:\Program Files\NVIDIA GPU Computing Toolkit\CUDA\v11.1\bin\cudart64_110.dll
0x00007ffae0e20000 - 0x00007ffae0e5b000 	C:\Program Files\NVIDIA GPU Computing Toolkit\CUDA\v11.1\bin\cudnn64_8.dll
0x00007ffa35620000 - 0x00007ffa3c246000 	C:\Program Files\NVIDIA GPU Computing Toolkit\CUDA\v11.1\bin\cublas64_11.dll
0x00007ffa27620000 - 0x00007ffa3561b000 	C:\Program Files\NVIDIA GPU Computing Toolkit\CUDA\v11.1\bin\cufft64_10.dll
0x00007ffa1a1f0000 - 0x00007ffa27616000 	C:\Program Files\NVIDIA GPU Computing Toolkit\CUDA\v11.1\bin\cublasLt64_11.dll
0x00007ffa8ca20000 - 0x00007ffa8cd4f000 	C:\WINDOWS\SYSTEM32\nvcuda.dll
0x00007ffa75fa0000 - 0x00007ffa77ccb000 	C:\WINDOWS\system32\DriverStore\FileRepository\nvdm.inf_amd64_88a8bdd398518495\nvcuda64.dll
0x00007ffafb4a0000 - 0x00007ffafb4b2000 	C:\WINDOWS\SYSTEM32\msasn1.dll
0x00007ffae6860000 - 0x00007ffae6891000 	C:\WINDOWS\SYSTEM32\cryptnet.dll
0x00007ffae6630000 - 0x00007ffae6778000 	C:\WINDOWS\SYSTEM32\drvstore.dll
0x00007ffafb660000 - 0x00007ffafb693000 	C:\WINDOWS\SYSTEM32\devobj.dll
0x00007ffafbdd0000 - 0x00007ffafbe1e000 	C:\WINDOWS\System32\cfgmgr32.dll
0x00007ffae5570000 - 0x00007ffae5ce2000 	C:\WINDOWS\SYSTEM32\nvapi64.dll
0x00007ffafdbf0000 - 0x00007ffafe05e000 	C:\WINDOWS\System32\SETUPAPI.dll
0x00007ffaecc80000 - 0x00007ffaeccbb000 	C:\WINDOWS\SYSTEM32\dxcore.dll
0x00007ffafa120000 - 0x00007ffafa132000 	C:\WINDOWS\SYSTEM32\kernel.appcore.dll
0x00007ffaf9290000 - 0x00007ffaf9474000 	C:\WINDOWS\SYSTEM32\dbghelp.dll

VM Arguments:
jvm_args: -agentlib:jdwp=transport=dt_socket,address=127.0.0.1:3767,suspend=y,server=n -XX:TieredStopAtLevel=1 -Xverify:none -Dspring.output.ansi.enabled=always -Dcom.sun.management.jmxremote -Dspring.jmx.enabled=true -Dspring.liveBeansView.mbeanDomain -Dspring.application.admin.enabled=true -javaagent:C:\Users\16119\AppData\Local\JetBrains\IntelliJIdea2020.2\captureAgent\debugger-agent.jar -Dfile.encoding=UTF-8 
java_command: com.haut.AdminApplication
java_class_path (initial): D:\zyb\java\jdk8\jre\lib\charsets.jar;D:\zyb\java\jdk8\jre\lib\deploy.jar;D:\zyb\java\jdk8\jre\lib\ext\access-bridge-64.jar;D:\zyb\java\jdk8\jre\lib\ext\cldrdata.jar;D:\zyb\java\jdk8\jre\lib\ext\dnsns.jar;D:\zyb\java\jdk8\jre\lib\ext\jaccess.jar;D:\zyb\java\jdk8\jre\lib\ext\jfxrt.jar;D:\zyb\java\jdk8\jre\lib\ext\localedata.jar;D:\zyb\java\jdk8\jre\lib\ext\nashorn.jar;D:\zyb\java\jdk8\jre\lib\ext\sunec.jar;D:\zyb\java\jdk8\jre\lib\ext\sunjce_provider.jar;D:\zyb\java\jdk8\jre\lib\ext\sunmscapi.jar;D:\zyb\java\jdk8\jre\lib\ext\sunpkcs11.jar;D:\zyb\java\jdk8\jre\lib\ext\zipfs.jar;D:\zyb\java\jdk8\jre\lib\javaws.jar;D:\zyb\java\jdk8\jre\lib\jce.jar;D:\zyb\java\jdk8\jre\lib\jfr.jar;D:\zyb\java\jdk8\jre\lib\jfxswt.jar;D:\zyb\java\jdk8\jre\lib\jsse.jar;D:\zyb\java\jdk8\jre\lib\management-agent.jar;D:\zyb\java\jdk8\jre\lib\plugin.jar;D:\zyb\java\jdk8\jre\lib\resources.jar;D:\zyb\java\jdk8\jre\lib\rt.jar;D:\zyb\java\code\springboo-vue2-yolo\haut-admin\target\classes;D:\zyb\java\apache-maven-3.6.1\mvn_resp\org\springframework\boot\spring-boot-starter-web\2.7.17\spring-boot-starter-web-2.7.17.jar;D:\zyb\java\apache-maven-3.6.1\mvn_resp\org\springframework\boot\spring-boot-starter\2.7.17\spring-boot-starter-2.7.17.jar;D:\zyb\java\apache-maven-3.6.1\mvn_resp\org\springframework\boot\spring-boot\2.7.17\spring-boot-2.7.17.jar;D:\zyb\java\apache-maven-3.6.1\mvn_resp\org\springframework\boot\spring-boot-autoconfigure\2.7.17\spring-boot-autoconfigure-2.7.17.jar;D:\zyb\java\apache-maven-3.6.1\mvn_resp\org\springframework\boot\spring-boot-starter-logging\2.7.17\spring-boot-starter-logging-2.7.17.jar;D:\zyb\java\apache-maven-3.6.1\mvn_resp\ch\qos\logback\logback-classic\1.2.12\logback-classic-1.2.12.jar;D:\zyb\java\apache-maven-3.6.1\mvn_resp\ch\qos\logback\logback-core\1.2.12\logback-core-1.2.12.jar;D:\zyb\java\apache-maven-3.6.1\mvn_resp\org\apache\logging\log4j\log4j-to-slf4j\2.17.2\log4j-to-slf4j-2.17.2.jar;D:\zyb\java\apache-maven-3.6.1\mvn_resp\org\apac
Launcher Type: SUN_STANDARD

Environment Variables:
JAVA_HOME=D:\zyb\java\jdk8
PATH=C:\Program Files\NVIDIA GPU Computing Toolkit\CUDA\v11.1\bin;C:\Program Files\NVIDIA GPU Computing Toolkit\CUDA\v11.1\libnvvp;C:\ProgramData\Oracle\Java\javapath;C:\Windows\system32;C:\Windows;C:\Windows\System32\Wbem;C:\Windows\System32\WindowsPowerShell\v1.0\;C:\Windows\System32\OpenSSH\;C:\Program Files (x86)\NVIDIA Corporation\PhysX\Common;C:\Program Files\NVIDIA Corporation\NVIDIA NvDLISR;C:\WINDOWS\system32;C:\WINDOWS;C:\WINDOWS\System32\Wbem;C:\WINDOWS\System32\WindowsPowerShell\v1.0\;C:\WINDOWS\System32\OpenSSH\;C:\Program Files\dotnet\;D:\zyb\deeplearning\Anaconda;D:\zyb\deeplearning\Anaconda\Scripts;D:\zyb\software\XShell\;D:\zyb\software\Xftp\;D:\zyb\C++\cmake-3.17.0-rc3-win64-x64\bin;D:\zyb\C++\mingw64\bin;D:\zyb\C++\package\opencv\opencv_gcc\build\bin;D:\zyb\software\sqlite3;D:\zyb\java\jdk8\bin;D:\zyb\java\jre\bin;D:\zyb\java\tomcat8\bin;D:\zyb\java\tomcat8\lib;D:\zyb\java\apache-maven-3.6.1\bin;D:\zyb\driver;D:\zyb\software\mysql-5.7.19-winx64\mysql-5.7.19-winx64\bin;D:\zyb\software\nodejs\;D:\zyb\software\nodejs\node_global\node_modules;D:\zyb\protobu21.1\bin;C:\Program Files\NVIDIA Corporation\Nsight Compute 2020.2.0\;D:\zyb\software\nvm;D:\zyb\software\nodejs;D:\zyb\software\git\Git\cmd;D:\zyb\software\git\Git;C:\Program Files (x86)\Windows Kits\10\Windows Performance Toolkit\;C:\Users\16119\AppData\Local\Microsoft\WindowsApps;D:\software\Microsoft VS Code\bin;D:\zyb\software\CLion 2023.2\bin;D:\zyb\software\PyCharm 2023.2.1\bin;F:\software\IntelliJ IDEA 2020.2\bin;D:\zyb\software\nodejs\node_global;D:\zyb\software\Fiddler;D:\zyb\software\nvm;D:\zyb\software\nodejs
USERNAME=16119
OS=Windows_NT
PROCESSOR_IDENTIFIER=Intel64 Family 6 Model 141 Stepping 1, GenuineIntel



---------------  S Y S T E M  ---------------

OS: Windows 10.0 , 64 bit Build 19041 (10.0.19041.3636)

CPU:total 16 (initial active 16) (8 cores per cpu, 2 threads per core) family 6 model 141 stepping 1, cmov, cx8, fxsr, mmx, sse, sse2, sse3, ssse3, sse4.1, sse4.2, popcnt, avx, avx2, aes, clmul, erms, 3dnowpref, lzcnt, ht, tsc, tscinvbit, bmi1, bmi2, adx

Memory: 4k page, physical 16501540k(5550072k free), swap 32230180k(13353108k free)

vm_info: Java HotSpot(TM) 64-Bit Server VM (25.131-b11) for windows-amd64 JRE (1.8.0_131-b11), built on Mar 15 2017 01:23:53 by "java_re" with MS VC++ 10.0 (VS2010)

time: Sat Dec 09 17:44:58 2023
elapsed time: 3 seconds (0d 0h 0m 3s)

